[0.005s] Invoking command in '/home/luckii33/ocroboticsgrp/training_ws/src/differential_drive_robot/build/differential_drive_robot': CMAKE_PREFIX_PATH=/opt/ros/humble /usr/bin/cmake /home/luckii33/ocroboticsgrp/training_ws/src/differential_drive_robot -DAMENT_CMAKE_SYMLINK_INSTALL=1 -DCMAKE_INSTALL_PREFIX=/home/luckii33/ocroboticsgrp/training_ws/src/differential_drive_robot/install/differential_drive_robot
[0.102s] -- The C compiler identification is GNU 11.4.0
[0.165s] -- The CXX compiler identification is GNU 11.4.0
[0.172s] -- Detecting C compiler ABI info
[0.208s] -- Detecting C compiler ABI info - done
[0.211s] -- Check for working C compiler: /usr/bin/cc - skipped
[0.211s] -- Detecting C compile features
[0.212s] -- Detecting C compile features - done
[0.217s] -- Detecting CXX compiler ABI info
[0.261s] -- Detecting CXX compiler ABI info - done
[0.263s] -- Check for working CXX compiler: /usr/bin/c++ - skipped
[0.264s] -- Detecting CXX compile features
[0.264s] -- Detecting CXX compile features - done
[0.266s] -- Found ament_cmake: 1.3.10 (/opt/ros/humble/share/ament_cmake/cmake)
[0.337s] -- Found Python3: /usr/bin/python3 (found version "3.10.12") found components: Interpreter 
[0.371s] -- Override CMake install command with custom implementation using symlinks instead of copying resources
[0.386s] -- Found ament_lint_auto: 0.12.11 (/opt/ros/humble/share/ament_lint_auto/cmake)
[0.434s] -- Added test 'copyright' to check source files copyright and LICENSE
[0.439s] -- Added test 'cppcheck' to perform static code analysis on C / C++ code
[0.439s] -- Configured cppcheck include dirs: 
[0.439s] -- Configured cppcheck exclude dirs and/or files: 
[0.443s] -- Added test 'cpplint' to check C / C++ code against the Google style
[0.443s] -- Configured cpplint exclude dirs and/or files: 
[0.443s] -- Added test 'flake8' to check Python code syntax and style conventions
[0.444s] -- Added test 'lint_cmake' to check CMake code style
[0.445s] -- Added test 'pep257' to check Python code against some of the docstring style conventions in PEP 257
[0.448s] -- Added test 'uncrustify' to check C / C++ code style
[0.448s] -- Configured uncrustify additional arguments: 
[0.451s] -- Added test 'xmllint' to check XML markup files
[0.452s] -- Configuring done
[0.453s] -- Generating done
[0.454s] -- Build files have been written to: /home/luckii33/ocroboticsgrp/training_ws/src/differential_drive_robot/build/differential_drive_robot
[0.456s] Invoked command in '/home/luckii33/ocroboticsgrp/training_ws/src/differential_drive_robot/build/differential_drive_robot' returned '0': CMAKE_PREFIX_PATH=/opt/ros/humble /usr/bin/cmake /home/luckii33/ocroboticsgrp/training_ws/src/differential_drive_robot -DAMENT_CMAKE_SYMLINK_INSTALL=1 -DCMAKE_INSTALL_PREFIX=/home/luckii33/ocroboticsgrp/training_ws/src/differential_drive_robot/install/differential_drive_robot
[0.457s] Invoking command in '/home/luckii33/ocroboticsgrp/training_ws/src/differential_drive_robot/build/differential_drive_robot': CMAKE_PREFIX_PATH=/opt/ros/humble /usr/bin/cmake --build /home/luckii33/ocroboticsgrp/training_ws/src/differential_drive_robot/build/differential_drive_robot -- -j2 -l2
[0.476s] Invoked command in '/home/luckii33/ocroboticsgrp/training_ws/src/differential_drive_robot/build/differential_drive_robot' returned '0': CMAKE_PREFIX_PATH=/opt/ros/humble /usr/bin/cmake --build /home/luckii33/ocroboticsgrp/training_ws/src/differential_drive_robot/build/differential_drive_robot -- -j2 -l2
[0.488s] Invoking command in '/home/luckii33/ocroboticsgrp/training_ws/src/differential_drive_robot/build/differential_drive_robot': CMAKE_PREFIX_PATH=/opt/ros/humble /usr/bin/cmake --install /home/luckii33/ocroboticsgrp/training_ws/src/differential_drive_robot/build/differential_drive_robot
[0.491s] -- Install configuration: ""
[0.491s] -- Execute custom install script
[0.492s] -- Symlinking: /home/luckii33/ocroboticsgrp/training_ws/src/differential_drive_robot/install/differential_drive_robot/share/differential_drive_robot/config/diff-drive.rviz
[0.495s] -- Symlinking: /home/luckii33/ocroboticsgrp/training_ws/src/differential_drive_robot/install/differential_drive_robot/share/differential_drive_robot/config/empty.yaml
[0.498s] -- Symlinking: /home/luckii33/ocroboticsgrp/training_ws/src/differential_drive_robot/install/differential_drive_robot/share/differential_drive_robot/description/inertial_macros.xacro
[0.501s] -- Symlinking: /home/luckii33/ocroboticsgrp/training_ws/src/differential_drive_robot/install/differential_drive_robot/share/differential_drive_robot/description/robot.urdf.xacro
[0.505s] -- Symlinking: /home/luckii33/ocroboticsgrp/training_ws/src/differential_drive_robot/install/differential_drive_robot/share/differential_drive_robot/launch/rsp.launch.py
[0.512s] -- Symlinking: /home/luckii33/ocroboticsgrp/training_ws/src/differential_drive_robot/install/differential_drive_robot/share/differential_drive_robot/worlds/empty.world
[0.513s] -- Symlinking: /home/luckii33/ocroboticsgrp/training_ws/src/differential_drive_robot/install/differential_drive_robot/share/ament_index/resource_index/package_run_dependencies/differential_drive_robot
[0.517s] -- Symlinking: /home/luckii33/ocroboticsgrp/training_ws/src/differential_drive_robot/install/differential_drive_robot/share/ament_index/resource_index/parent_prefix_path/differential_drive_robot
[0.520s] -- Symlinking: /home/luckii33/ocroboticsgrp/training_ws/src/differential_drive_robot/install/differential_drive_robot/share/differential_drive_robot/environment/ament_prefix_path.sh
[0.525s] -- Symlinking: /home/luckii33/ocroboticsgrp/training_ws/src/differential_drive_robot/install/differential_drive_robot/share/differential_drive_robot/environment/ament_prefix_path.dsv
[0.530s] -- Symlinking: /home/luckii33/ocroboticsgrp/training_ws/src/differential_drive_robot/install/differential_drive_robot/share/differential_drive_robot/environment/path.sh
[0.537s] -- Symlinking: /home/luckii33/ocroboticsgrp/training_ws/src/differential_drive_robot/install/differential_drive_robot/share/differential_drive_robot/environment/path.dsv
[0.540s] -- Symlinking: /home/luckii33/ocroboticsgrp/training_ws/src/differential_drive_robot/install/differential_drive_robot/share/differential_drive_robot/local_setup.bash
[0.543s] -- Symlinking: /home/luckii33/ocroboticsgrp/training_ws/src/differential_drive_robot/install/differential_drive_robot/share/differential_drive_robot/local_setup.sh
[0.547s] -- Symlinking: /home/luckii33/ocroboticsgrp/training_ws/src/differential_drive_robot/install/differential_drive_robot/share/differential_drive_robot/local_setup.zsh
[0.551s] -- Symlinking: /home/luckii33/ocroboticsgrp/training_ws/src/differential_drive_robot/install/differential_drive_robot/share/differential_drive_robot/local_setup.dsv
[0.554s] -- Symlinking: /home/luckii33/ocroboticsgrp/training_ws/src/differential_drive_robot/install/differential_drive_robot/share/differential_drive_robot/package.dsv
[0.557s] -- Symlinking: /home/luckii33/ocroboticsgrp/training_ws/src/differential_drive_robot/install/differential_drive_robot/share/ament_index/resource_index/packages/differential_drive_robot
[0.561s] -- Symlinking: /home/luckii33/ocroboticsgrp/training_ws/src/differential_drive_robot/install/differential_drive_robot/share/differential_drive_robot/cmake/differential_drive_robotConfig.cmake
[0.565s] -- Symlinking: /home/luckii33/ocroboticsgrp/training_ws/src/differential_drive_robot/install/differential_drive_robot/share/differential_drive_robot/cmake/differential_drive_robotConfig-version.cmake
[0.568s] -- Symlinking: /home/luckii33/ocroboticsgrp/training_ws/src/differential_drive_robot/install/differential_drive_robot/share/differential_drive_robot/package.xml
[0.572s] Invoked command in '/home/luckii33/ocroboticsgrp/training_ws/src/differential_drive_robot/build/differential_drive_robot' returned '0': CMAKE_PREFIX_PATH=/opt/ros/humble /usr/bin/cmake --install /home/luckii33/ocroboticsgrp/training_ws/src/differential_drive_robot/build/differential_drive_robot
