[0.054s] DEBUG:colcon:Command line arguments: ['/usr/bin/colcon', 'build', '--symlink-install']
[0.055s] DEBUG:colcon:Parsed command line arguments: Namespace(log_base=None, log_level=None, verb_name='build', build_base='build', install_base='install', merge_install=False, symlink_install=True, test_result_base=None, continue_on_error=False, executor='parallel', parallel_workers=2, event_handlers=None, ignore_user_meta=False, metas=['./colcon.meta'], base_paths=['.'], packages_ignore=None, packages_ignore_regex=None, paths=None, packages_up_to=None, packages_up_to_regex=None, packages_above=None, packages_above_and_dependencies=None, packages_above_depth=None, packages_select_by_dep=None, packages_skip_by_dep=None, packages_skip_up_to=None, packages_select_build_failed=False, packages_skip_build_finished=False, packages_select_test_failures=False, packages_skip_test_passed=False, packages_select=None, packages_skip=None, packages_select_regex=None, packages_skip_regex=None, packages_start=None, packages_end=None, allow_overriding=[], cmake_args=None, cmake_target=None, cmake_target_skip_unavailable=False, cmake_clean_cache=False, cmake_clean_first=False, cmake_force_configure=False, ament_cmake_args=None, catkin_cmake_args=None, catkin_skip_building_tests=False, mixin_files=None, mixin=None, verb_parser=<colcon_mixin.mixin.mixin_argument.MixinArgumentDecorator object at 0xf6d71c841ed0>, verb_extension=<colcon_core.verb.build.BuildVerb object at 0xf6d71c841a20>, main=<bound method BuildVerb.main of <colcon_core.verb.build.BuildVerb object at 0xf6d71c841a20>>, mixin_verb=('build',))
[0.182s] Level 1:colcon.colcon_core.package_discovery:discover_packages(colcon_meta) check parameters
[0.182s] Level 1:colcon.colcon_core.package_discovery:discover_packages(recursive) check parameters
[0.182s] Level 1:colcon.colcon_core.package_discovery:discover_packages(ignore) check parameters
[0.182s] Level 1:colcon.colcon_core.package_discovery:discover_packages(path) check parameters
[0.182s] Level 1:colcon.colcon_core.package_discovery:discover_packages(colcon_meta) discover
[0.182s] Level 1:colcon.colcon_core.package_discovery:discover_packages(recursive) discover
[0.182s] INFO:colcon.colcon_core.package_discovery:Crawling recursively for packages in '/home/luckii33/ocroboticsgrp/training_ws/src/differential_drive_robot'
[0.182s] Level 1:colcon.colcon_core.package_identification:_identify(.) by extensions ['ignore', 'ignore_ament_install']
[0.182s] Level 1:colcon.colcon_core.package_identification:_identify(.) by extension 'ignore'
[0.182s] Level 1:colcon.colcon_core.package_identification:_identify(.) by extension 'ignore_ament_install'
[0.182s] Level 1:colcon.colcon_core.package_identification:_identify(.) by extensions ['colcon_pkg']
[0.182s] Level 1:colcon.colcon_core.package_identification:_identify(.) by extension 'colcon_pkg'
[0.182s] Level 1:colcon.colcon_core.package_identification:_identify(.) by extensions ['colcon_meta']
[0.182s] Level 1:colcon.colcon_core.package_identification:_identify(.) by extension 'colcon_meta'
[0.182s] Level 1:colcon.colcon_core.package_identification:_identify(.) by extensions ['ros']
[0.182s] Level 1:colcon.colcon_core.package_identification:_identify(.) by extension 'ros'
[0.191s] DEBUG:colcon.colcon_core.package_identification:Package '.' with type 'ros.ament_cmake' and name 'differential_drive_robot'
[0.191s] Level 1:colcon.colcon_core.package_discovery:discover_packages(recursive) using defaults
[0.191s] Level 1:colcon.colcon_core.package_discovery:discover_packages(ignore) discover
[0.191s] Level 1:colcon.colcon_core.package_discovery:discover_packages(ignore) using defaults
[0.191s] Level 1:colcon.colcon_core.package_discovery:discover_packages(path) discover
[0.191s] Level 1:colcon.colcon_core.package_discovery:discover_packages(path) using defaults
[0.207s] Level 1:colcon.colcon_core.package_discovery:discover_packages(prefix_path) check parameters
[0.207s] Level 1:colcon.colcon_core.package_discovery:discover_packages(prefix_path) discover
[0.208s] DEBUG:colcon.colcon_installed_package_information.package_discovery:Found 271 installed packages in /opt/ros/humble
[0.213s] Level 1:colcon.colcon_core.package_discovery:discover_packages(prefix_path) using defaults
[0.231s] Level 5:colcon.colcon_core.verb:set package 'differential_drive_robot' build argument 'cmake_args' from command line to 'None'
[0.231s] Level 5:colcon.colcon_core.verb:set package 'differential_drive_robot' build argument 'cmake_target' from command line to 'None'
[0.231s] Level 5:colcon.colcon_core.verb:set package 'differential_drive_robot' build argument 'cmake_target_skip_unavailable' from command line to 'False'
[0.231s] Level 5:colcon.colcon_core.verb:set package 'differential_drive_robot' build argument 'cmake_clean_cache' from command line to 'False'
[0.231s] Level 5:colcon.colcon_core.verb:set package 'differential_drive_robot' build argument 'cmake_clean_first' from command line to 'False'
[0.231s] Level 5:colcon.colcon_core.verb:set package 'differential_drive_robot' build argument 'cmake_force_configure' from command line to 'False'
[0.231s] Level 5:colcon.colcon_core.verb:set package 'differential_drive_robot' build argument 'ament_cmake_args' from command line to 'None'
[0.231s] Level 5:colcon.colcon_core.verb:set package 'differential_drive_robot' build argument 'catkin_cmake_args' from command line to 'None'
[0.231s] Level 5:colcon.colcon_core.verb:set package 'differential_drive_robot' build argument 'catkin_skip_building_tests' from command line to 'False'
[0.231s] DEBUG:colcon.colcon_core.verb:Building package 'differential_drive_robot' with the following arguments: {'ament_cmake_args': None, 'build_base': '/home/luckii33/ocroboticsgrp/training_ws/src/differential_drive_robot/build/differential_drive_robot', 'catkin_cmake_args': None, 'catkin_skip_building_tests': False, 'cmake_args': None, 'cmake_clean_cache': False, 'cmake_clean_first': False, 'cmake_force_configure': False, 'cmake_target': None, 'cmake_target_skip_unavailable': False, 'install_base': '/home/luckii33/ocroboticsgrp/training_ws/src/differential_drive_robot/install/differential_drive_robot', 'merge_install': False, 'path': '/home/luckii33/ocroboticsgrp/training_ws/src/differential_drive_robot', 'symlink_install': True, 'test_result_base': None}
[0.231s] INFO:colcon.colcon_core.executor:Executing jobs using 'parallel' executor
[0.232s] DEBUG:colcon.colcon_parallel_executor.executor.parallel:run_until_complete
[0.232s] INFO:colcon.colcon_ros.task.ament_cmake.build:Building ROS package in '/home/luckii33/ocroboticsgrp/training_ws/src/differential_drive_robot' with build type 'ament_cmake'
[0.232s] INFO:colcon.colcon_cmake.task.cmake.build:Building CMake package in '/home/luckii33/ocroboticsgrp/training_ws/src/differential_drive_robot'
[0.234s] INFO:colcon.colcon_core.plugin_system:Skipping extension 'colcon_core.shell.bat': Not used on non-Windows systems
[0.234s] INFO:colcon.colcon_core.shell:Skip shell extension 'powershell' for command environment: Not usable outside of PowerShell
[0.234s] DEBUG:colcon.colcon_core.shell:Skip shell extension 'dsv' for command environment
[0.238s] DEBUG:colcon.colcon_core.event_handler.log_command:Invoking command in '/home/luckii33/ocroboticsgrp/training_ws/src/differential_drive_robot/build/differential_drive_robot': CMAKE_PREFIX_PATH=/opt/ros/humble /usr/bin/cmake /home/luckii33/ocroboticsgrp/training_ws/src/differential_drive_robot -DAMENT_CMAKE_SYMLINK_INSTALL=1 -DCMAKE_INSTALL_PREFIX=/home/luckii33/ocroboticsgrp/training_ws/src/differential_drive_robot/install/differential_drive_robot
[0.689s] DEBUG:colcon.colcon_core.event_handler.log_command:Invoked command in '/home/luckii33/ocroboticsgrp/training_ws/src/differential_drive_robot/build/differential_drive_robot' returned '0': CMAKE_PREFIX_PATH=/opt/ros/humble /usr/bin/cmake /home/luckii33/ocroboticsgrp/training_ws/src/differential_drive_robot -DAMENT_CMAKE_SYMLINK_INSTALL=1 -DCMAKE_INSTALL_PREFIX=/home/luckii33/ocroboticsgrp/training_ws/src/differential_drive_robot/install/differential_drive_robot
[0.690s] DEBUG:colcon.colcon_core.event_handler.log_command:Invoking command in '/home/luckii33/ocroboticsgrp/training_ws/src/differential_drive_robot/build/differential_drive_robot': CMAKE_PREFIX_PATH=/opt/ros/humble /usr/bin/cmake --build /home/luckii33/ocroboticsgrp/training_ws/src/differential_drive_robot/build/differential_drive_robot -- -j2 -l2
[0.709s] DEBUG:colcon.colcon_core.event_handler.log_command:Invoked command in '/home/luckii33/ocroboticsgrp/training_ws/src/differential_drive_robot/build/differential_drive_robot' returned '0': CMAKE_PREFIX_PATH=/opt/ros/humble /usr/bin/cmake --build /home/luckii33/ocroboticsgrp/training_ws/src/differential_drive_robot/build/differential_drive_robot -- -j2 -l2
[0.721s] DEBUG:colcon.colcon_core.event_handler.log_command:Invoking command in '/home/luckii33/ocroboticsgrp/training_ws/src/differential_drive_robot/build/differential_drive_robot': CMAKE_PREFIX_PATH=/opt/ros/humble /usr/bin/cmake --install /home/luckii33/ocroboticsgrp/training_ws/src/differential_drive_robot/build/differential_drive_robot
[0.804s] Level 1:colcon.colcon_core.environment:create_environment_scripts_only(differential_drive_robot)
[0.804s] DEBUG:colcon.colcon_core.event_handler.log_command:Invoked command in '/home/luckii33/ocroboticsgrp/training_ws/src/differential_drive_robot/build/differential_drive_robot' returned '0': CMAKE_PREFIX_PATH=/opt/ros/humble /usr/bin/cmake --install /home/luckii33/ocroboticsgrp/training_ws/src/differential_drive_robot/build/differential_drive_robot
[0.808s] Level 1:colcon.colcon_core.environment:checking '/home/luckii33/ocroboticsgrp/training_ws/src/differential_drive_robot/install/differential_drive_robot' for CMake module files
[0.808s] Level 1:colcon.colcon_core.environment:checking '/home/luckii33/ocroboticsgrp/training_ws/src/differential_drive_robot/install/differential_drive_robot' for CMake config files
[0.809s] Level 1:colcon.colcon_core.shell:create_environment_hook('differential_drive_robot', 'cmake_prefix_path')
[0.809s] INFO:colcon.colcon_core.shell:Creating environment hook '/home/luckii33/ocroboticsgrp/training_ws/src/differential_drive_robot/install/differential_drive_robot/share/differential_drive_robot/hook/cmake_prefix_path.ps1'
[0.809s] INFO:colcon.colcon_core.shell:Creating environment descriptor '/home/luckii33/ocroboticsgrp/training_ws/src/differential_drive_robot/install/differential_drive_robot/share/differential_drive_robot/hook/cmake_prefix_path.dsv'
[0.810s] INFO:colcon.colcon_core.shell:Creating environment hook '/home/luckii33/ocroboticsgrp/training_ws/src/differential_drive_robot/install/differential_drive_robot/share/differential_drive_robot/hook/cmake_prefix_path.sh'
[0.810s] Level 1:colcon.colcon_core.environment:checking '/home/luckii33/ocroboticsgrp/training_ws/src/differential_drive_robot/install/differential_drive_robot/bin'
[0.810s] Level 1:colcon.colcon_core.environment:checking '/home/luckii33/ocroboticsgrp/training_ws/src/differential_drive_robot/install/differential_drive_robot/lib/pkgconfig/differential_drive_robot.pc'
[0.810s] Level 1:colcon.colcon_core.environment:checking '/home/luckii33/ocroboticsgrp/training_ws/src/differential_drive_robot/install/differential_drive_robot/lib/python3.10/site-packages'
[0.811s] Level 1:colcon.colcon_core.environment:checking '/home/luckii33/ocroboticsgrp/training_ws/src/differential_drive_robot/install/differential_drive_robot/bin'
[0.811s] INFO:colcon.colcon_core.shell:Creating package script '/home/luckii33/ocroboticsgrp/training_ws/src/differential_drive_robot/install/differential_drive_robot/share/differential_drive_robot/package.ps1'
[0.811s] INFO:colcon.colcon_core.shell:Creating package descriptor '/home/luckii33/ocroboticsgrp/training_ws/src/differential_drive_robot/install/differential_drive_robot/share/differential_drive_robot/package.dsv'
[0.811s] INFO:colcon.colcon_core.shell:Creating package script '/home/luckii33/ocroboticsgrp/training_ws/src/differential_drive_robot/install/differential_drive_robot/share/differential_drive_robot/package.sh'
[0.812s] INFO:colcon.colcon_core.shell:Creating package script '/home/luckii33/ocroboticsgrp/training_ws/src/differential_drive_robot/install/differential_drive_robot/share/differential_drive_robot/package.bash'
[0.812s] INFO:colcon.colcon_core.shell:Creating package script '/home/luckii33/ocroboticsgrp/training_ws/src/differential_drive_robot/install/differential_drive_robot/share/differential_drive_robot/package.zsh'
[0.812s] Level 1:colcon.colcon_core.environment:create_file_with_runtime_dependencies(/home/luckii33/ocroboticsgrp/training_ws/src/differential_drive_robot/install/differential_drive_robot/share/colcon-core/packages/differential_drive_robot)
[0.820s] Level 1:colcon.colcon_core.environment:create_environment_scripts_only(differential_drive_robot)
[0.820s] Level 1:colcon.colcon_core.environment:checking '/home/luckii33/ocroboticsgrp/training_ws/src/differential_drive_robot/install/differential_drive_robot' for CMake module files
[0.820s] Level 1:colcon.colcon_core.environment:checking '/home/luckii33/ocroboticsgrp/training_ws/src/differential_drive_robot/install/differential_drive_robot' for CMake config files
[0.821s] Level 1:colcon.colcon_core.shell:create_environment_hook('differential_drive_robot', 'cmake_prefix_path')
[0.821s] INFO:colcon.colcon_core.shell:Creating environment hook '/home/luckii33/ocroboticsgrp/training_ws/src/differential_drive_robot/install/differential_drive_robot/share/differential_drive_robot/hook/cmake_prefix_path.ps1'
[0.821s] INFO:colcon.colcon_core.shell:Creating environment descriptor '/home/luckii33/ocroboticsgrp/training_ws/src/differential_drive_robot/install/differential_drive_robot/share/differential_drive_robot/hook/cmake_prefix_path.dsv'
[0.821s] INFO:colcon.colcon_core.shell:Creating environment hook '/home/luckii33/ocroboticsgrp/training_ws/src/differential_drive_robot/install/differential_drive_robot/share/differential_drive_robot/hook/cmake_prefix_path.sh'
[0.821s] Level 1:colcon.colcon_core.environment:checking '/home/luckii33/ocroboticsgrp/training_ws/src/differential_drive_robot/install/differential_drive_robot/bin'
[0.821s] Level 1:colcon.colcon_core.environment:checking '/home/luckii33/ocroboticsgrp/training_ws/src/differential_drive_robot/install/differential_drive_robot/lib/pkgconfig/differential_drive_robot.pc'
[0.821s] Level 1:colcon.colcon_core.environment:checking '/home/luckii33/ocroboticsgrp/training_ws/src/differential_drive_robot/install/differential_drive_robot/lib/python3.10/site-packages'
[0.821s] Level 1:colcon.colcon_core.environment:checking '/home/luckii33/ocroboticsgrp/training_ws/src/differential_drive_robot/install/differential_drive_robot/bin'
[0.821s] INFO:colcon.colcon_core.shell:Creating package script '/home/luckii33/ocroboticsgrp/training_ws/src/differential_drive_robot/install/differential_drive_robot/share/differential_drive_robot/package.ps1'
[0.822s] INFO:colcon.colcon_core.shell:Creating package descriptor '/home/luckii33/ocroboticsgrp/training_ws/src/differential_drive_robot/install/differential_drive_robot/share/differential_drive_robot/package.dsv'
[0.822s] INFO:colcon.colcon_core.shell:Creating package script '/home/luckii33/ocroboticsgrp/training_ws/src/differential_drive_robot/install/differential_drive_robot/share/differential_drive_robot/package.sh'
[0.822s] INFO:colcon.colcon_core.shell:Creating package script '/home/luckii33/ocroboticsgrp/training_ws/src/differential_drive_robot/install/differential_drive_robot/share/differential_drive_robot/package.bash'
[0.822s] INFO:colcon.colcon_core.shell:Creating package script '/home/luckii33/ocroboticsgrp/training_ws/src/differential_drive_robot/install/differential_drive_robot/share/differential_drive_robot/package.zsh'
[0.822s] Level 1:colcon.colcon_core.environment:create_file_with_runtime_dependencies(/home/luckii33/ocroboticsgrp/training_ws/src/differential_drive_robot/install/differential_drive_robot/share/colcon-core/packages/differential_drive_robot)
[0.822s] DEBUG:colcon.colcon_parallel_executor.executor.parallel:closing loop
[0.823s] DEBUG:colcon.colcon_parallel_executor.executor.parallel:loop closed
[0.823s] DEBUG:colcon.colcon_parallel_executor.executor.parallel:run_until_complete finished with '0'
[0.823s] DEBUG:colcon.colcon_core.event_reactor:joining thread
[0.828s] INFO:colcon.colcon_core.plugin_system:Skipping extension 'colcon_notification.desktop_notification.terminal_notifier': Not used on non-Darwin systems
[0.828s] INFO:colcon.colcon_core.plugin_system:Skipping extension 'colcon_notification.desktop_notification.win32': Not used on non-Windows systems
[0.828s] INFO:colcon.colcon_notification.desktop_notification:Sending desktop notification using 'notify2'
[0.858s] DEBUG:colcon.colcon_core.event_reactor:joined thread
[0.858s] INFO:colcon.colcon_core.shell:Creating prefix script '/home/luckii33/ocroboticsgrp/training_ws/src/differential_drive_robot/install/local_setup.ps1'
[0.859s] INFO:colcon.colcon_core.shell:Creating prefix util module '/home/luckii33/ocroboticsgrp/training_ws/src/differential_drive_robot/install/_local_setup_util_ps1.py'
[0.860s] INFO:colcon.colcon_core.shell:Creating prefix chain script '/home/luckii33/ocroboticsgrp/training_ws/src/differential_drive_robot/install/setup.ps1'
[0.861s] INFO:colcon.colcon_core.shell:Creating prefix script '/home/luckii33/ocroboticsgrp/training_ws/src/differential_drive_robot/install/local_setup.sh'
[0.861s] INFO:colcon.colcon_core.shell:Creating prefix util module '/home/luckii33/ocroboticsgrp/training_ws/src/differential_drive_robot/install/_local_setup_util_sh.py'
[0.862s] INFO:colcon.colcon_core.shell:Creating prefix chain script '/home/luckii33/ocroboticsgrp/training_ws/src/differential_drive_robot/install/setup.sh'
[0.862s] INFO:colcon.colcon_core.shell:Creating prefix script '/home/luckii33/ocroboticsgrp/training_ws/src/differential_drive_robot/install/local_setup.bash'
[0.862s] INFO:colcon.colcon_core.shell:Creating prefix chain script '/home/luckii33/ocroboticsgrp/training_ws/src/differential_drive_robot/install/setup.bash'
[0.863s] INFO:colcon.colcon_core.shell:Creating prefix script '/home/luckii33/ocroboticsgrp/training_ws/src/differential_drive_robot/install/local_setup.zsh'
[0.863s] INFO:colcon.colcon_core.shell:Creating prefix chain script '/home/luckii33/ocroboticsgrp/training_ws/src/differential_drive_robot/install/setup.zsh'
