[0.005s] Invoking command in '/home/luckii33/ocroboticsgrp/training_ws/src/differential_drive_robot/build/differential_drive_robot': CMAKE_PREFIX_PATH=/opt/ros/humble /usr/bin/cmake --build /home/luckii33/ocroboticsgrp/training_ws/src/differential_drive_robot/build/differential_drive_robot -- -j2 -l2
[0.024s] Invoked command in '/home/luckii33/ocroboticsgrp/training_ws/src/differential_drive_robot/build/differential_drive_robot' returned '0': CMAKE_PREFIX_PATH=/opt/ros/humble /usr/bin/cmake --build /home/luckii33/ocroboticsgrp/training_ws/src/differential_drive_robot/build/differential_drive_robot -- -j2 -l2
[0.039s] Invoking command in '/home/luckii33/ocroboticsgrp/training_ws/src/differential_drive_robot/build/differential_drive_robot': CMAKE_PREFIX_PATH=/opt/ros/humble /usr/bin/cmake --install /home/luckii33/ocroboticsgrp/training_ws/src/differential_drive_robot/build/differential_drive_robot
[0.042s] -- Install configuration: ""
[0.042s] -- Execute custom install script
[0.042s] -- Up-to-date symlink: /home/luckii33/ocroboticsgrp/training_ws/src/differential_drive_robot/install/differential_drive_robot/share/differential_drive_robot/config/diff-drive.rviz
[0.042s] -- Up-to-date symlink: /home/luckii33/ocroboticsgrp/training_ws/src/differential_drive_robot/install/differential_drive_robot/share/differential_drive_robot/config/empty.yaml
[0.043s] -- Up-to-date symlink: /home/luckii33/ocroboticsgrp/training_ws/src/differential_drive_robot/install/differential_drive_robot/share/differential_drive_robot/description/inertial_macros.xacro
[0.043s] -- Up-to-date symlink: /home/luckii33/ocroboticsgrp/training_ws/src/differential_drive_robot/install/differential_drive_robot/share/differential_drive_robot/description/robot.urdf.xacro
[0.043s] -- Up-to-date symlink: /home/luckii33/ocroboticsgrp/training_ws/src/differential_drive_robot/install/differential_drive_robot/share/differential_drive_robot/launch/rsp.launch.py
[0.043s] -- Up-to-date symlink: /home/luckii33/ocroboticsgrp/training_ws/src/differential_drive_robot/install/differential_drive_robot/share/differential_drive_robot/worlds/empty.world
[0.043s] -- Up-to-date symlink: /home/luckii33/ocroboticsgrp/training_ws/src/differential_drive_robot/install/differential_drive_robot/share/ament_index/resource_index/package_run_dependencies/differential_drive_robot
[0.043s] -- Up-to-date symlink: /home/luckii33/ocroboticsgrp/training_ws/src/differential_drive_robot/install/differential_drive_robot/share/ament_index/resource_index/parent_prefix_path/differential_drive_robot
[0.044s] -- Up-to-date symlink: /home/luckii33/ocroboticsgrp/training_ws/src/differential_drive_robot/install/differential_drive_robot/share/differential_drive_robot/environment/ament_prefix_path.sh
[0.044s] -- Up-to-date symlink: /home/luckii33/ocroboticsgrp/training_ws/src/differential_drive_robot/install/differential_drive_robot/share/differential_drive_robot/environment/ament_prefix_path.dsv
[0.044s] -- Up-to-date symlink: /home/luckii33/ocroboticsgrp/training_ws/src/differential_drive_robot/install/differential_drive_robot/share/differential_drive_robot/environment/path.sh
[0.044s] -- Up-to-date symlink: /home/luckii33/ocroboticsgrp/training_ws/src/differential_drive_robot/install/differential_drive_robot/share/differential_drive_robot/environment/path.dsv
[0.044s] -- Up-to-date symlink: /home/luckii33/ocroboticsgrp/training_ws/src/differential_drive_robot/install/differential_drive_robot/share/differential_drive_robot/local_setup.bash
[0.044s] -- Up-to-date symlink: /home/luckii33/ocroboticsgrp/training_ws/src/differential_drive_robot/install/differential_drive_robot/share/differential_drive_robot/local_setup.sh
[0.044s] -- Up-to-date symlink: /home/luckii33/ocroboticsgrp/training_ws/src/differential_drive_robot/install/differential_drive_robot/share/differential_drive_robot/local_setup.zsh
[0.044s] -- Up-to-date symlink: /home/luckii33/ocroboticsgrp/training_ws/src/differential_drive_robot/install/differential_drive_robot/share/differential_drive_robot/local_setup.dsv
[0.044s] -- Symlinking: /home/luckii33/ocroboticsgrp/training_ws/src/differential_drive_robot/install/differential_drive_robot/share/differential_drive_robot/package.dsv
[0.048s] -- Up-to-date symlink: /home/luckii33/ocroboticsgrp/training_ws/src/differential_drive_robot/install/differential_drive_robot/share/ament_index/resource_index/packages/differential_drive_robot
[0.048s] -- Up-to-date symlink: /home/luckii33/ocroboticsgrp/training_ws/src/differential_drive_robot/install/differential_drive_robot/share/differential_drive_robot/cmake/differential_drive_robotConfig.cmake
[0.048s] -- Up-to-date symlink: /home/luckii33/ocroboticsgrp/training_ws/src/differential_drive_robot/install/differential_drive_robot/share/differential_drive_robot/cmake/differential_drive_robotConfig-version.cmake
[0.048s] -- Up-to-date symlink: /home/luckii33/ocroboticsgrp/training_ws/src/differential_drive_robot/install/differential_drive_robot/share/differential_drive_robot/package.xml
[0.049s] Invoked command in '/home/luckii33/ocroboticsgrp/training_ws/src/differential_drive_robot/build/differential_drive_robot' returned '0': CMAKE_PREFIX_PATH=/opt/ros/humble /usr/bin/cmake --install /home/luckii33/ocroboticsgrp/training_ws/src/differential_drive_robot/build/differential_drive_robot
